# JRE version: OpenJDK Runtime Environment (8.0_112-b15) (build 1.8.0_112-b15)
# Java VM: OpenJDK 64-Bit Server VM (25.112-b15 mixed mode linux-amd64 compressed oops)
Heap:
 PSYoungGen      total 132096K, used 5102K [0x00000000d6d80000, 0x00000000df380000, 0x0000000100000000)
  eden space 126976K, 0% used [0x00000000d6d80000,0x00000000d6d80000,0x00000000de980000)
  from space 5120K, 99% used [0x00000000de980000,0x00000000dee7b938,0x00000000dee80000)
  to   space 5120K, 0% used [0x00000000dee80000,0x00000000dee80000,0x00000000df380000)
 ParOldGen       total 51200K, used 11055K [0x0000000084800000, 0x0000000087a00000, 0x00000000d6d80000)
  object space 51200K, 21% used [0x0000000084800000,0x00000000852cbe90,0x0000000087a00000)
 Metaspace       used 22179K, capacity 22518K, committed 22832K, reserved 1069056K
  class space    used 2647K, capacity 2746K, committed 2864K, reserved 1048576K
GC Heap History (10 events):
Event: 1,196 GC heap after
Heap after GC invocations=1 (full 0):
 PSYoungGen      total 36864K, used 4705K [0x00000000d6d80000, 0x00000000db580000, 0x0000000100000000)
  eden space 31744K, 0% used [0x00000000d6d80000,0x00000000d6d80000,0x00000000d8c80000)
  from space 5120K, 91% used [0x00000000d8c80000,0x00000000d91187e8,0x00000000d9180000)
  to   space 5120K, 0% used [0x00000000db080000,0x00000000db080000,0x00000000db580000)
 ParOldGen       total 84992K, used 8K [0x0000000084800000, 0x0000000089b00000, 0x00000000d6d80000)
  object space 84992K, 0% used [0x0000000084800000,0x0000000084802000,0x0000000089b00000)
 Metaspace       used 8880K, capacity 9006K, committed 9088K, reserved 1056768K
  class space    used 1054K, capacity 1079K, committed 1152K, reserved 1048576K
}
Event: 1,824 GC heap before
{Heap before GC invocations=2 (full 0):
 PSYoungGen      total 36864K, used 36449K [0x00000000d6d80000, 0x00000000db580000, 0x0000000100000000)
  eden space 31744K, 100% used [0x00000000d6d80000,0x00000000d8c80000,0x00000000d8c80000)
  from space 5120K, 91% used [0x00000000d8c80000,0x00000000d91187e8,0x00000000d9180000)
  to   space 5120K, 0% used [0x00000000db080000,0x00000000db080000,0x00000000db580000)
 ParOldGen       total 84992K, used 8K [0x0000000084800000, 0x0000000089b00000, 0x00000000d6d80000)
  object space 84992K, 0% used [0x0000000084800000,0x0000000084802000,0x0000000089b00000)
 Metaspace       used 13000K, capacity 13166K, committed 13440K, reserved 1060864K
  class space    used 1552K, capacity 1591K, committed 1664K, reserved 1048576K
Event: 1,858 GC heap after
Heap after GC invocations=2 (full 0):
 PSYoungGen      total 68608K, used 5116K [0x00000000d6d80000, 0x00000000db580000, 0x0000000100000000)
  eden space 63488K, 0% used [0x00000000d6d80000,0x00000000d6d80000,0x00000000dab80000)
  from space 5120K, 99% used [0x00000000db080000,0x00000000db57f190,0x00000000db580000)
  to   space 5120K, 0% used [0x00000000dab80000,0x00000000dab80000,0x00000000db080000)
 ParOldGen       total 84992K, used 2953K [0x0000000084800000, 0x0000000089b00000, 0x00000000d6d80000)
  object space 84992K, 3% used [0x0000000084800000,0x0000000084ae2610,0x0000000089b00000)
 Metaspace       used 13000K, capacity 13166K, committed 13440K, reserved 1060864K
  class space    used 1552K, capacity 1591K, committed 1664K, reserved 1048576K
}
Event: 158,956 GC heap before
{Heap before GC invocations=3 (full 0):
 PSYoungGen      total 68608K, used 68604K [0x00000000d6d80000, 0x00000000db580000, 0x0000000100000000)
  eden space 63488K, 100% used [0x00000000d6d80000,0x00000000dab80000,0x00000000dab80000)
  from space 5120K, 99% used [0x00000000db080000,0x00000000db57f190,0x00000000db580000)
  to   space 5120K, 0% used [0x00000000dab80000,0x00000000dab80000,0x00000000db080000)
 ParOldGen       total 84992K, used 2953K [0x0000000084800000, 0x0000000089b00000, 0x00000000d6d80000)
  object space 84992K, 3% used [0x0000000084800000,0x0000000084ae2610,0x0000000089b00000)
 Metaspace       used 20780K, capacity 21170K, committed 21296K, reserved 1069056K
  class space    used 2470K, capacity 2580K, committed 2608K, reserved 1048576K
Event: 159,001 GC heap after
Heap after GC invocations=3 (full 0):
 PSYoungGen      total 68608K, used 5112K [0x00000000d6d80000, 0x00000000df380000, 0x0000000100000000)
  eden space 63488K, 0% used [0x00000000d6d80000,0x00000000d6d80000,0x00000000dab80000)
  from space 5120K, 99% used [0x00000000dab80000,0x00000000db07e270,0x00000000db080000)
  to   space 5120K, 0% used [0x00000000dee80000,0x00000000dee80000,0x00000000df380000)
 ParOldGen       total 84992K, used 10944K [0x0000000084800000, 0x0000000089b00000, 0x00000000d6d80000)
  object space 84992K, 12% used [0x0000000084800000,0x00000000852b0118,0x0000000089b00000)
 Metaspace       used 20780K, capacity 21170K, committed 21296K, reserved 1069056K
  class space    used 2470K, capacity 2580K, committed 2608K, reserved 1048576K
}
Event: 159,111 GC heap before
{Heap before GC invocations=4 (full 0):
 PSYoungGen      total 68608K, used 6594K [0x00000000d6d80000, 0x00000000df380000, 0x0000000100000000)
  eden space 63488K, 2% used [0x00000000d6d80000,0x00000000d6ef2708,0x00000000dab80000)
  from space 5120K, 99% used [0x00000000dab80000,0x00000000db07e270,0x00000000db080000)
  to   space 5120K, 0% used [0x00000000dee80000,0x00000000dee80000,0x00000000df380000)
 ParOldGen       total 84992K, used 10944K [0x0000000084800000, 0x0000000089b00000, 0x00000000d6d80000)
  object space 84992K, 12% used [0x0000000084800000,0x00000000852b0118,0x0000000089b00000)
 Metaspace       used 20861K, capacity 21170K, committed 21296K, reserved 1069056K
  class space    used 2476K, capacity 2580K, committed 2608K, reserved 1048576K
Event: 159,166 GC heap after
Heap after GC invocations=4 (full 0):
 PSYoungGen      total 132096K, used 5115K [0x00000000d6d80000, 0x00000000df380000, 0x0000000100000000)
  eden space 126976K, 0% used [0x00000000d6d80000,0x00000000d6d80000,0x00000000de980000)
  from space 5120K, 99% used [0x00000000dee80000,0x00000000df37ee70,0x00000000df380000)
  to   space 5120K, 0% used [0x00000000de980000,0x00000000de980000,0x00000000dee80000)
 ParOldGen       total 84992K, used 11133K [0x0000000084800000, 0x0000000089b00000, 0x00000000d6d80000)
  object space 84992K, 13% used [0x0000000084800000,0x00000000852df528,0x0000000089b00000)
 Metaspace       used 20861K, capacity 21170K, committed 21296K, reserved 1069056K
  class space    used 2476K, capacity 2580K, committed 2608K, reserved 1048576K
}
Event: 159,166 GC heap before
{Heap before GC invocations=5 (full 1):
 PSYoungGen      total 132096K, used 5115K [0x00000000d6d80000, 0x00000000df380000, 0x0000000100000000)
  eden space 126976K, 0% used [0x00000000d6d80000,0x00000000d6d80000,0x00000000de980000)
  from space 5120K, 99% used [0x00000000dee80000,0x00000000df37ee70,0x00000000df380000)
  to   space 5120K, 0% used [0x00000000de980000,0x00000000de980000,0x00000000dee80000)
 ParOldGen       total 84992K, used 11133K [0x0000000084800000, 0x0000000089b00000, 0x00000000d6d80000)
  object space 84992K, 13% used [0x0000000084800000,0x00000000852df528,0x0000000089b00000)
 Metaspace       used 20861K, capacity 21170K, committed 21296K, reserved 1069056K
  class space    used 2476K, capacity 2580K, committed 2608K, reserved 1048576K
Event: 159,396 GC heap after
Heap after GC invocations=5 (full 1):
 PSYoungGen      total 132096K, used 0K [0x00000000d6d80000, 0x00000000df380000, 0x0000000100000000)
  eden space 126976K, 0% used [0x00000000d6d80000,0x00000000d6d80000,0x00000000de980000)
  from space 5120K, 0% used [0x00000000dee80000,0x00000000dee80000,0x00000000df380000)
  to   space 5120K, 0% used [0x00000000de980000,0x00000000de980000,0x00000000dee80000)
 ParOldGen       total 51200K, used 9424K [0x0000000084800000, 0x0000000087a00000, 0x00000000d6d80000)
  object space 51200K, 18% used [0x0000000084800000,0x00000000851343a8,0x0000000087a00000)
 Metaspace       used 20861K, capacity 21170K, committed 21296K, reserved 1069056K
  class space    used 2476K, capacity 2580K, committed 2608K, reserved 1048576K
}
Event: 169,956 GC heap before
{Heap before GC invocations=6 (full 1):
 PSYoungGen      total 132096K, used 126976K [0x00000000d6d80000, 0x00000000df380000, 0x0000000100000000)
  eden space 126976K, 100% used [0x00000000d6d80000,0x00000000de980000,0x00000000de980000)
  from space 5120K, 0% used [0x00000000dee80000,0x00000000dee80000,0x00000000df380000)
  to   space 5120K, 0% used [0x00000000de980000,0x00000000de980000,0x00000000dee80000)
 ParOldGen       total 51200K, used 9424K [0x0000000084800000, 0x0000000087a00000, 0x00000000d6d80000)
  object space 51200K, 18% used [0x0000000084800000,0x00000000851343a8,0x0000000087a00000)
 Metaspace       used 22179K, capacity 22518K, committed 22832K, reserved 1069056K
  class space    used 2647K, capacity 2746K, committed 2864K, reserved 1048576K

