# JRE version: OpenJDK Runtime Environment (8.0_112-b15) (build 1.8.0_112-b15)
# Java VM: OpenJDK 64-Bit Server VM (25.112-b15 mixed mode linux-amd64 compressed oops)
Heap:
 PSYoungGen      total 393216K, used 24040K [0x00000000d6d80000, 0x00000000f0500000, 0x0000000100000000)
  eden space 369152K, 0% used [0x00000000d6d80000,0x00000000d6d80000,0x00000000ed600000)
  from space 24064K, 99% used [0x00000000ed600000,0x00000000eed7a138,0x00000000eed80000)
  to   space 20992K, 0% used [0x00000000eef00000,0x00000000eef00000,0x00000000f0380000)
 ParOldGen       total 101888K, used 28473K [0x0000000084800000, 0x000000008ab80000, 0x00000000d6d80000)
  object space 101888K, 27% used [0x0000000084800000,0x00000000863ce5c8,0x000000008ab80000)
 Metaspace       used 51288K, capacity 52376K, committed 52608K, reserved 1095680K
  class space    used 6418K, capacity 6674K, committed 6784K, reserved 1048576K
GC Heap History (10 events):
Event: 5,394 GC heap after
Heap after GC invocations=8 (full 1):
 PSYoungGen      total 206336K, used 12781K [0x00000000d6d80000, 0x00000000eb180000, 0x0000000100000000)
  eden space 193536K, 0% used [0x00000000d6d80000,0x00000000d6d80000,0x00000000e2a80000)
  from space 12800K, 99% used [0x00000000e2a80000,0x00000000e36fb5f8,0x00000000e3700000)
  to   space 17920K, 0% used [0x00000000ea000000,0x00000000ea000000,0x00000000eb180000)
 ParOldGen       total 64512K, used 21180K [0x0000000084800000, 0x0000000088700000, 0x00000000d6d80000)
  object space 64512K, 32% used [0x0000000084800000,0x0000000085caf058,0x0000000088700000)
 Metaspace       used 31753K, capacity 32378K, committed 32512K, reserved 1077248K
  class space    used 3945K, capacity 4074K, committed 4096K, reserved 1048576K
}
Event: 5,928 GC heap before
{Heap before GC invocations=9 (full 1):
 PSYoungGen      total 206336K, used 83268K [0x00000000d6d80000, 0x00000000eb180000, 0x0000000100000000)
  eden space 193536K, 36% used [0x00000000d6d80000,0x00000000db255bd8,0x00000000e2a80000)
  from space 12800K, 99% used [0x00000000e2a80000,0x00000000e36fb5f8,0x00000000e3700000)
  to   space 17920K, 0% used [0x00000000ea000000,0x00000000ea000000,0x00000000eb180000)
 ParOldGen       total 64512K, used 21180K [0x0000000084800000, 0x0000000088700000, 0x00000000d6d80000)
  object space 64512K, 32% used [0x0000000084800000,0x0000000085caf058,0x0000000088700000)
 Metaspace       used 34808K, capacity 35360K, committed 35456K, reserved 1081344K
  class space    used 4313K, capacity 4427K, committed 4480K, reserved 1048576K
Event: 5,945 GC heap after
Heap after GC invocations=9 (full 1):
 PSYoungGen      total 312832K, used 14288K [0x00000000d6d80000, 0x00000000ebb80000, 0x0000000100000000)
  eden space 294912K, 0% used [0x00000000d6d80000,0x00000000d6d80000,0x00000000e8d80000)
  from space 17920K, 79% used [0x00000000ea000000,0x00000000eadf4218,0x00000000eb180000)
  to   space 18944K, 0% used [0x00000000e8d80000,0x00000000e8d80000,0x00000000ea000000)
 ParOldGen       total 64512K, used 21188K [0x0000000084800000, 0x0000000088700000, 0x00000000d6d80000)
  object space 64512K, 32% used [0x0000000084800000,0x0000000085cb1058,0x0000000088700000)
 Metaspace       used 34808K, capacity 35360K, committed 35456K, reserved 1081344K
  class space    used 4313K, capacity 4427K, committed 4480K, reserved 1048576K
}
Event: 5,945 GC heap before
{Heap before GC invocations=10 (full 2):
 PSYoungGen      total 312832K, used 14288K [0x00000000d6d80000, 0x00000000ebb80000, 0x0000000100000000)
  eden space 294912K, 0% used [0x00000000d6d80000,0x00000000d6d80000,0x00000000e8d80000)
  from space 17920K, 79% used [0x00000000ea000000,0x00000000eadf4218,0x00000000eb180000)
  to   space 18944K, 0% used [0x00000000e8d80000,0x00000000e8d80000,0x00000000ea000000)
 ParOldGen       total 64512K, used 21188K [0x0000000084800000, 0x0000000088700000, 0x00000000d6d80000)
  object space 64512K, 32% used [0x0000000084800000,0x0000000085cb1058,0x0000000088700000)
 Metaspace       used 34808K, capacity 35360K, committed 35456K, reserved 1081344K
  class space    used 4313K, capacity 4427K, committed 4480K, reserved 1048576K
Event: 6,047 GC heap after
Heap after GC invocations=10 (full 2):
 PSYoungGen      total 312832K, used 0K [0x00000000d6d80000, 0x00000000ebb80000, 0x0000000100000000)
  eden space 294912K, 0% used [0x00000000d6d80000,0x00000000d6d80000,0x00000000e8d80000)
  from space 17920K, 0% used [0x00000000ea000000,0x00000000ea000000,0x00000000eb180000)
  to   space 18944K, 0% used [0x00000000e8d80000,0x00000000e8d80000,0x00000000ea000000)
 ParOldGen       total 101888K, used 22654K [0x0000000084800000, 0x000000008ab80000, 0x00000000d6d80000)
  object space 101888K, 22% used [0x0000000084800000,0x0000000085e1fa00,0x000000008ab80000)
 Metaspace       used 34808K, capacity 35360K, committed 35456K, reserved 1081344K
  class space    used 4313K, capacity 4427K, committed 4480K, reserved 1048576K
}
Event: 9,052 GC heap before
{Heap before GC invocations=11 (full 2):
 PSYoungGen      total 312832K, used 294912K [0x00000000d6d80000, 0x00000000ebb80000, 0x0000000100000000)
  eden space 294912K, 100% used [0x00000000d6d80000,0x00000000e8d80000,0x00000000e8d80000)
  from space 17920K, 0% used [0x00000000ea000000,0x00000000ea000000,0x00000000eb180000)
  to   space 18944K, 0% used [0x00000000e8d80000,0x00000000e8d80000,0x00000000ea000000)
 ParOldGen       total 101888K, used 22654K [0x0000000084800000, 0x000000008ab80000, 0x00000000d6d80000)
  object space 101888K, 22% used [0x0000000084800000,0x0000000085e1fa00,0x000000008ab80000)
 Metaspace       used 43951K, capacity 44774K, committed 44928K, reserved 1089536K
  class space    used 5562K, capacity 5757K, committed 5760K, reserved 1048576K
Event: 9,075 GC heap after
Heap after GC invocations=11 (full 2):
 PSYoungGen      total 313856K, used 18101K [0x00000000d6d80000, 0x00000000f0380000, 0x0000000100000000)
  eden space 294912K, 0% used [0x00000000d6d80000,0x00000000d6d80000,0x00000000e8d80000)
  from space 18944K, 95% used [0x00000000e8d80000,0x00000000e9f2d7a0,0x00000000ea000000)
  to   space 20992K, 0% used [0x00000000eef00000,0x00000000eef00000,0x00000000f0380000)
 ParOldGen       total 101888K, used 22662K [0x0000000084800000, 0x000000008ab80000, 0x00000000d6d80000)
  object space 101888K, 22% used [0x0000000084800000,0x0000000085e21a00,0x000000008ab80000)
 Metaspace       used 43951K, capacity 44774K, committed 44928K, reserved 1089536K
  class space    used 5562K, capacity 5757K, committed 5760K, reserved 1048576K
}
Event: 13,230 GC heap before
{Heap before GC invocations=12 (full 2):
 PSYoungGen      total 313856K, used 313013K [0x00000000d6d80000, 0x00000000f0380000, 0x0000000100000000)
  eden space 294912K, 100% used [0x00000000d6d80000,0x00000000e8d80000,0x00000000e8d80000)
  from space 18944K, 95% used [0x00000000e8d80000,0x00000000e9f2d7a0,0x00000000ea000000)
  to   space 20992K, 0% used [0x00000000eef00000,0x00000000eef00000,0x00000000f0380000)
 ParOldGen       total 101888K, used 22662K [0x0000000084800000, 0x000000008ab80000, 0x00000000d6d80000)
  object space 101888K, 22% used [0x0000000084800000,0x0000000085e21a00,0x000000008ab80000)
 Metaspace       used 51049K, capacity 52130K, committed 52352K, reserved 1095680K
  class space    used 6413K, capacity 6665K, committed 6784K, reserved 1048576K
Event: 13,275 GC heap after
Heap after GC invocations=12 (full 2):
 PSYoungGen      total 390144K, used 20988K [0x00000000d6d80000, 0x00000000f0500000, 0x0000000100000000)
  eden space 369152K, 0% used [0x00000000d6d80000,0x00000000d6d80000,0x00000000ed600000)
  from space 20992K, 99% used [0x00000000eef00000,0x00000000f037f020,0x00000000f0380000)
  to   space 24064K, 0% used [0x00000000ed600000,0x00000000ed600000,0x00000000eed80000)
 ParOldGen       total 101888K, used 23013K [0x0000000084800000, 0x000000008ab80000, 0x00000000d6d80000)
  object space 101888K, 22% used [0x0000000084800000,0x0000000085e79728,0x000000008ab80000)
 Metaspace       used 51049K, capacity 52130K, committed 52352K, reserved 1095680K
  class space    used 6413K, capacity 6665K, committed 6784K, reserved 1048576K
}
Event: 16,027 GC heap before
{Heap before GC invocations=13 (full 2):
 PSYoungGen      total 390144K, used 390140K [0x00000000d6d80000, 0x00000000f0500000, 0x0000000100000000)
  eden space 369152K, 100% used [0x00000000d6d80000,0x00000000ed600000,0x00000000ed600000)
  from space 20992K, 99% used [0x00000000eef00000,0x00000000f037f020,0x00000000f0380000)
  to   space 24064K, 0% used [0x00000000ed600000,0x00000000ed600000,0x00000000eed80000)
 ParOldGen       total 101888K, used 23013K [0x0000000084800000, 0x000000008ab80000, 0x00000000d6d80000)
  object space 101888K, 22% used [0x0000000084800000,0x0000000085e79728,0x000000008ab80000)
 Metaspace       used 51288K, capacity 52376K, committed 52608K, reserved 1095680K
  class space    used 6418K, capacity 6674K, committed 6784K, reserved 1048576K

